[1/47] Translating ZH+PT: .venv/lib/python3.12/site-packages/setuptools/tests/indexes/test_links_priority/external.html ...
2026-03-21 14:31:11 WARNING: Language en package default expects mwt, which has been added
2026-03-21 14:31:13 WARNING: Language en package default expects mwt, which has been added
[2/47] Translating ZH+PT: .venv/lib/python3.12/site-packages/setuptools/tests/indexes/test_links_priority/simple/foobar/index.html ...
[3/47] Translating ZH+PT: .venv/lib/python3.12/site-packages/torch/utils/model_dump/skeleton.html ...
[4/47] Translating ZH+PT: 3rd-party/index.html ...
[5/47] Translating ZH+PT: Clean-in-place/cip-nozzles-and-feed-pipes/index.html ...
[6/47] Translating ZH+PT: Clean-in-place/index.html ...
[7/47] Translating ZH+PT: Clean-in-place/third-party-cip-control-equipment/index.html ...
[8/47] Translating ZH+PT: Collection/index.html ...
[9/47] Translating ZH+PT: Collection/juice-collection/index.html ...
[10/47] Translating ZH+PT: Collection/plungers-and-filter/index.html ...
[11/47] Translating ZH+PT: Controls-Electronics/index.html ...
[12/47] Translating ZH+PT: Controls-Electronics/machine-control-definition-and-ui/index.html ...
[13/47] Translating ZH+PT: Controls-Electronics/motor-power-management/index.html ...
[14/47] Translating ZH+PT: Controls-Electronics/yoke-position-sensor/index.html ...
[15/47] Translating ZH+PT: Drivetrain/drivetrain-mount-plate/index.html ...
[16/47] Translating ZH+PT: Drivetrain/gears-and-cam-bearings/index.html ...
[17/47] Translating ZH+PT: Drivetrain/index.html ...
[18/47] Translating ZH+PT: Drivetrain/motor-and-reducer/index.html ...
[19/47] Translating ZH+PT: Enclosure-shell/index.html ...
[20/47] Translating ZH+PT: Enclosure-shell/overcentered-hinges/index.html ...
[21/47] Translating ZH+PT: Enclosure-shell/protective-covers/index.html ...
[22/47] Translating ZH+PT: Extraction-syncronisation/driven-bracket/index.html ...
[23/47] Translating ZH+PT: Extraction-syncronisation/fruit-support/index.html ...
[24/47] Translating ZH+PT: Extraction-syncronisation/index.html ...
[25/47] Translating ZH+PT: Extraction-syncronisation/peelers/index.html ...
[26/47] Translating ZH+PT: Feeder/entry-tubes/index.html ...
[27/47] Translating ZH+PT: Feeder/feeder-body/index.html ...
[28/47] Translating ZH+PT: Feeder/feeding-subassembly/index.html ...
[29/47] Translating ZH+PT: Feeder/index.html ...
[30/47] Translating ZH+PT: Frame/Loads-and-load-paths/Loads-and-load-paths.html ...
[31/47] Translating ZH+PT: Frame/index.html ...
[32/47] Translating ZH+PT: Outflow-disposal/chutes-and-augers/index.html ...
[33/47] Translating ZH+PT: Outflow-disposal/deflectors/index.html ...
[34/47] Translating ZH+PT: Outflow-disposal/index.html ...
[35/47] Translating ZH+PT: Overview/BOM.html ...
[36/47] Translating ZH+PT: Overview/Delijuice-cycle.html ...
[37/47] Translating ZH+PT: Overview/Questions-for-RFP.html ...
[38/47] Translating ZH+PT: Overview/Subassemblies-intro.html ...
[39/47] Translating ZH+PT: Overview/index.html ...
[40/47] Translating ZH+PT: Plug-ejection/index.html ...
[41/47] Translating ZH+PT: Plug-ejection/plunger-drive-bracket/index.html ...
[42/47] Translating ZH+PT: Plug-ejection/plunger-drive-system-in-side-panels/index.html ...
[43/47] Translating ZH+PT: Transmission/drive-shafts/index.html ...
[44/47] Translating ZH+PT: Transmission/index.html ...
[45/47] Translating ZH+PT: Transmission/transmission-mount-plate/index.html ...
[46/47] Translating ZH+PT: Transmission/yoke/index.html ...
[47/47] Translating ZH+PT: index.html ...
OK: 47 pages -> en + zh/ + pt/ (full MT). Cache zh=3505 pt=3505
